c:\git hub repo\asteroid\obj\x64\template\debug\vc143.pdb
c:\git hub repo\asteroid\obj\x64\template\debug\vc143.idb
c:\git hub repo\asteroid\obj\x64\template\debug\player.obj
c:\git hub repo\asteroid\obj\x64\template\debug\obstacle.obj
c:\git hub repo\asteroid\obj\x64\template\debug\game.obj
c:\git hub repo\asteroid\obj\x64\template\debug\flyingballon.obj
c:\git hub repo\asteroid\obj\x64\template\debug\entity.obj
c:\git hub repo\asteroid\obj\x64\template\debug\character.obj
c:\git hub repo\asteroid\obj\x64\template\debug\balloon.obj
c:\git hub repo\asteroid\obj\x64\template\debug\asteroidgame.obj
c:\git hub repo\asteroid\obj\x64\template\debug\asteroid.obj
c:\git hub repo\asteroid\bin\x64\templated.exe
c:\git hub repo\asteroid\bin\x64\templated.pdb
c:\git hub repo\asteroid\obj\x64\template\debug\templated.ilk
c:\git hub repo\asteroid\codepc\../bin/x64/templated.pdb
c:\git hub repo\asteroid\codepc\../obj/x64/template/debug/mainprogram.vcxproj.filelistabsolute.txt
c:\git hub repo\asteroid\obj\x64\template\debug\template.tlog\cl.command.1.tlog
c:\git hub repo\asteroid\obj\x64\template\debug\template.tlog\cl.items.tlog
c:\git hub repo\asteroid\obj\x64\template\debug\template.tlog\cl.read.1.tlog
c:\git hub repo\asteroid\obj\x64\template\debug\template.tlog\cl.write.1.tlog
c:\git hub repo\asteroid\obj\x64\template\debug\template.tlog\link.command.1.tlog
c:\git hub repo\asteroid\obj\x64\template\debug\template.tlog\link.read.1.tlog
c:\git hub repo\asteroid\obj\x64\template\debug\template.tlog\link.secondary.1.tlog
c:\git hub repo\asteroid\obj\x64\template\debug\template.tlog\link.write.1.tlog
